main.cu(88): warning #2464-D: conversion from a string literal to "char *" is deprecated

main.cu(103): warning #2464-D: conversion from a string literal to "char *" is deprecated

main.cu(88): warning #2464-D: conversion from a string literal to "char *" is deprecated

main.cu(103): warning #2464-D: conversion from a string literal to "char *" is deprecated

user_program.cu(70): warning #2464-D: conversion from a string literal to "char *" is deprecated

user_program.cu(72): warning #2464-D: conversion from a string literal to "char *" is deprecated

user_program.cu(74): warning #2464-D: conversion from a string literal to "char *" is deprecated

user_program.cu(76): warning #2464-D: conversion from a string literal to "char *" is deprecated

user_program.cu(80): warning #2464-D: conversion from a string literal to "char *" is deprecated

user_program.cu(84): warning #2464-D: conversion from a string literal to "char *" is deprecated

user_program.cu(141): warning #2464-D: conversion from a string literal to "char *" is deprecated

user_program.cu(70): warning #2464-D: conversion from a string literal to "char *" is deprecated

user_program.cu(72): warning #2464-D: conversion from a string literal to "char *" is deprecated

user_program.cu(74): warning #2464-D: conversion from a string literal to "char *" is deprecated

user_program.cu(76): warning #2464-D: conversion from a string literal to "char *" is deprecated

user_program.cu(80): warning #2464-D: conversion from a string literal to "char *" is deprecated

user_program.cu(84): warning #2464-D: conversion from a string literal to "char *" is deprecated

user_program.cu(141): warning #2464-D: conversion from a string literal to "char *" is deprecated

file_system.cu(663): warning #550-D: variable "new_name" was set but never used

file_system.cu(562): warning #550-D: variable "fp" was set but never used

[fs_gsys] : ===sort by modified time===
[fs_gsys] : t.txt
[fs_gsys] : b.txt
[fs_gsys] : ===sort by file size===
[fs_gsys] : t.txt 32
[fs_gsys] : b.txt 32
[fs_gsys] : ===sort by file size===
[fs_gsys] : t.txt 32
[fs_gsys] : b.txt 12
[fs_gsys] : ===sort by modified time===
[fs_gsys] : b.txt
[fs_gsys] : t.txt
[fs_gsys] : ===sort by file size===
[fs_gsys] : b.txt 12
[fs_gsys] : ===sort by file size===
[fs_gsys] : *ABCDEFGHIJKLMNOPQR 33
[fs_gsys] : )ABCDEFGHIJKLMNOPQR 32
[fs_gsys] : (ABCDEFGHIJKLMNOPQR 31
[fs_gsys] : 'ABCDEFGHIJKLMNOPQR 30
[fs_gsys] : &ABCDEFGHIJKLMNOPQR 29
[fs_gsys] : %ABCDEFGHIJKLMNOPQR 28
[fs_gsys] : $ABCDEFGHIJKLMNOPQR 27
[fs_gsys] : #ABCDEFGHIJKLMNOPQR 26
[fs_gsys] : "ABCDEFGHIJKLMNOPQR 25
[fs_gsys] : !ABCDEFGHIJKLMNOPQR 24
[fs_gsys] : b.txt 12
[fs_gsys] : ===sort by modified time===
[fs_gsys] : *ABCDEFGHIJKLMNOPQR
[fs_gsys] : )ABCDEFGHIJKLMNOPQR
[fs_gsys] : (ABCDEFGHIJKLMNOPQR
[fs_gsys] : 'ABCDEFGHIJKLMNOPQR
[fs_gsys] : &ABCDEFGHIJKLMNOPQR
[fs_gsys] : b.txt
[fs_gsys] : ===sort by file size===
[fs_gsys] : ~ABCDEFGHIJKLM 1024
[fs_gsys] : }ABCDEFGHIJKLM 1023
[fs_gsys] : |ABCDEFGHIJKLM 1022
[fs_gsys] : {ABCDEFGHIJKLM 1021
[fs_gsys] : zABCDEFGHIJKLM 1020
[fs_gsys] : yABCDEFGHIJKLM 1019
[fs_gsys] : xABCDEFGHIJKLM 1018
[fs_gsys] : wABCDEFGHIJKLM 1017
[fs_gsys] : vABCDEFGHIJKLM 1016
[fs_gsys] : uABCDEFGHIJKLM 1015
[fs_gsys] : tABCDEFGHIJKLM 1014
[fs_gsys] : sABCDEFGHIJKLM 1013
[fs_gsys] : rABCDEFGHIJKLM 1012
[fs_gsys] : qABCDEFGHIJKLM 1011
[fs_gsys] : pABCDEFGHIJKLM 1010
[fs_gsys] : oABCDEFGHIJKLM 1009
[fs_gsys] : nABCDEFGHIJKLM 1008
[fs_gsys] : mABCDEFGHIJKLM 1007
[fs_gsys] : lABCDEFGHIJKLM 1006
[fs_gsys] : kABCDEFGHIJKLM 1005
[fs_gsys] : jABCDEFGHIJKLM 1004
[fs_gsys] : iABCDEFGHIJKLM 1003
[fs_gsys] : hABCDEFGHIJKLM 1002
[fs_gsys] : gABCDEFGHIJKLM 1001
[fs_gsys] : fABCDEFGHIJKLM 1000
[fs_gsys] : eABCDEFGHIJKLM 999
[fs_gsys] : dABCDEFGHIJKLM 998
[fs_gsys] : cABCDEFGHIJKLM 997
[fs_gsys] : bABCDEFGHIJKLM 996
[fs_gsys] : aABCDEFGHIJKLM 995
[fs_gsys] : `ABCDEFGHIJKLM 994
[fs_gsys] : _ABCDEFGHIJKLM 993
[fs_gsys] : ^ABCDEFGHIJKLM 992
[fs_gsys] : ]ABCDEFGHIJKLM 991
[fs_gsys] : \ABCDEFGHIJKLM 990
[fs_gsys] : [ABCDEFGHIJKLM 989
[fs_gsys] : ZABCDEFGHIJKLM 988
[fs_gsys] : YABCDEFGHIJKLM 987
[fs_gsys] : XABCDEFGHIJKLM 986
[fs_gsys] : WABCDEFGHIJKLM 985
[fs_gsys] : VABCDEFGHIJKLM 984
[fs_gsys] : UABCDEFGHIJKLM 983
[fs_gsys] : TABCDEFGHIJKLM 982
[fs_gsys] : SABCDEFGHIJKLM 981
[fs_gsys] : RABCDEFGHIJKLM 980
[fs_gsys] : QABCDEFGHIJKLM 979
[fs_gsys] : PABCDEFGHIJKLM 978
[fs_gsys] : OABCDEFGHIJKLM 977
[fs_gsys] : NABCDEFGHIJKLM 976
[fs_gsys] : MABCDEFGHIJKLM 975
[fs_gsys] : LABCDEFGHIJKLM 974
[fs_gsys] : KABCDEFGHIJKLM 973
[fs_gsys] : JABCDEFGHIJKLM 972
[fs_gsys] : IABCDEFGHIJKLM 971
[fs_gsys] : HABCDEFGHIJKLM 970
[fs_gsys] : GABCDEFGHIJKLM 969
[fs_gsys] : FABCDEFGHIJKLM 968
[fs_gsys] : EABCDEFGHIJKLM 967
[fs_gsys] : DABCDEFGHIJKLM 966
[fs_gsys] : CABCDEFGHIJKLM 965
[fs_gsys] : BABCDEFGHIJKLM 964
[fs_gsys] : AABCDEFGHIJKLM 963
[fs_gsys] : @ABCDEFGHIJKLM 962
[fs_gsys] : ?ABCDEFGHIJKLM 961
[fs_gsys] : >ABCDEFGHIJKLM 960
[fs_gsys] : =ABCDEFGHIJKLM 959
[fs_gsys] : <ABCDEFGHIJKLM 958
[fs_gsys] : ;ABCDEFGHIJKLM 957
[fs_gsys] : :ABCDEFGHIJKLM 956
[fs_gsys] : 9ABCDEFGHIJKLM 955
[fs_gsys] : 8ABCDEFGHIJKLM 954
[fs_gsys] : 7ABCDEFGHIJKLM 953
[fs_gsys] : 6ABCDEFGHIJKLM 952
[fs_gsys] : 5ABCDEFGHIJKLM 951
[fs_gsys] : 4ABCDEFGHIJKLM 950
[fs_gsys] : 3ABCDEFGHIJKLM 949
[fs_gsys] : 2ABCDEFGHIJKLM 948
[fs_gsys] : ~ABCDEFGHIJKL 947
[fs_gsys] : }ABCDEFGHIJKL 946
[fs_gsys] : |ABCDEFGHIJKL 945
[fs_gsys] : {ABCDEFGHIJKL 944
[fs_gsys] : zABCDEFGHIJKL 943
[fs_gsys] : yABCDEFGHIJKL 942
[fs_gsys] : xABCDEFGHIJKL 941
[fs_gsys] : wABCDEFGHIJKL 940
[fs_gsys] : vABCDEFGHIJKL 939
[fs_gsys] : uABCDEFGHIJKL 938
[fs_gsys] : tABCDEFGHIJKL 937
[fs_gsys] : sABCDEFGHIJKL 936
[fs_gsys] : rABCDEFGHIJKL 935
[fs_gsys] : qABCDEFGHIJKL 934
[fs_gsys] : pABCDEFGHIJKL 933
[fs_gsys] : oABCDEFGHIJKL 932
[fs_gsys] : nABCDEFGHIJKL 931
[fs_gsys] : mABCDEFGHIJKL 930
[fs_gsys] : lABCDEFGHIJKL 929
[fs_gsys] : kABCDEFGHIJKL 928
[fs_gsys] : jABCDEFGHIJKL 927
[fs_gsys] : iABCDEFGHIJKL 926
[fs_gsys] : hABCDEFGHIJKL 925
[fs_gsys] : gABCDEFGHIJKL 924
[fs_gsys] : fABCDEFGHIJKL 923
[fs_gsys] : eABCDEFGHIJKL 922
[fs_gsys] : dABCDEFGHIJKL 921
[fs_gsys] : cABCDEFGHIJKL 920
[fs_gsys] : bABCDEFGHIJKL 919
[fs_gsys] : aABCDEFGHIJKL 918
[fs_gsys] : `ABCDEFGHIJKL 917
[fs_gsys] : _ABCDEFGHIJKL 916
[fs_gsys] : ^ABCDEFGHIJKL 915
[fs_gsys] : ]ABCDEFGHIJKL 914
[fs_gsys] : \ABCDEFGHIJKL 913
[fs_gsys] : [ABCDEFGHIJKL 912
[fs_gsys] : ZABCDEFGHIJKL 911
[fs_gsys] : YABCDEFGHIJKL 910
[fs_gsys] : XABCDEFGHIJKL 909
[fs_gsys] : WABCDEFGHIJKL 908
[fs_gsys] : VABCDEFGHIJKL 907
[fs_gsys] : UABCDEFGHIJKL 906
[fs_gsys] : TABCDEFGHIJKL 905
[fs_gsys] : SABCDEFGHIJKL 904
[fs_gsys] : RABCDEFGHIJKL 903
[fs_gsys] : QABCDEFGHIJKL 902
[fs_gsys] : PABCDEFGHIJKL 901
[fs_gsys] : OABCDEFGHIJKL 900
[fs_gsys] : NABCDEFGHIJKL 899
[fs_gsys] : MABCDEFGHIJKL 898
[fs_gsys] : LABCDEFGHIJKL 897
[fs_gsys] : KABCDEFGHIJKL 896
[fs_gsys] : JABCDEFGHIJKL 895
[fs_gsys] : IABCDEFGHIJKL 894
[fs_gsys] : HABCDEFGHIJKL 893
[fs_gsys] : GABCDEFGHIJKL 892
[fs_gsys] : FABCDEFGHIJKL 891
[fs_gsys] : EABCDEFGHIJKL 890
[fs_gsys] : DABCDEFGHIJKL 889
[fs_gsys] : CABCDEFGHIJKL 888
[fs_gsys] : BABCDEFGHIJKL 887
[fs_gsys] : AABCDEFGHIJKL 886
[fs_gsys] : @ABCDEFGHIJKL 885
[fs_gsys] : ?ABCDEFGHIJKL 884
[fs_gsys] : >ABCDEFGHIJKL 883
[fs_gsys] : =ABCDEFGHIJKL 882
[fs_gsys] : <ABCDEFGHIJKL 881
[fs_gsys] : ;ABCDEFGHIJKL 880
[fs_gsys] : :ABCDEFGHIJKL 879
[fs_gsys] : 9ABCDEFGHIJKL 878
[fs_gsys] : 8ABCDEFGHIJKL 877
[fs_gsys] : 7ABCDEFGHIJKL 876
[fs_gsys] : 6ABCDEFGHIJKL 875
[fs_gsys] : 5ABCDEFGHIJKL 874
[fs_gsys] : 4ABCDEFGHIJKL 873
[fs_gsys] : 3ABCDEFGHIJKL 872
[fs_gsys] : 2ABCDEFGHIJKL 871
[fs_gsys] : ~ABCDEFGHIJK 870
[fs_gsys] : }ABCDEFGHIJK 869
[fs_gsys] : |ABCDEFGHIJK 868
[fs_gsys] : {ABCDEFGHIJK 867
[fs_gsys] : zABCDEFGHIJK 866
[fs_gsys] : yABCDEFGHIJK 865
[fs_gsys] : xABCDEFGHIJK 864
[fs_gsys] : wABCDEFGHIJK 863
[fs_gsys] : vABCDEFGHIJK 862
[fs_gsys] : uABCDEFGHIJK 861
[fs_gsys] : tABCDEFGHIJK 860
[fs_gsys] : sABCDEFGHIJK 859
[fs_gsys] : rABCDEFGHIJK 858
[fs_gsys] : qABCDEFGHIJK 857
[fs_gsys] : pABCDEFGHIJK 856
[fs_gsys] : oABCDEFGHIJK 855
[fs_gsys] : nABCDEFGHIJK 854
[fs_gsys] : mABCDEFGHIJK 853
[fs_gsys] : lABCDEFGHIJK 852
[fs_gsys] : kABCDEFGHIJK 851
[fs_gsys] : jABCDEFGHIJK 850
[fs_gsys] : iABCDEFGHIJK 849
[fs_gsys] : hABCDEFGHIJK 848
[fs_gsys] : gABCDEFGHIJK 847
[fs_gsys] : fABCDEFGHIJK 846
[fs_gsys] : eABCDEFGHIJK 845
[fs_gsys] : dABCDEFGHIJK 844
[fs_gsys] : cABCDEFGHIJK 843
[fs_gsys] : bABCDEFGHIJK 842
[fs_gsys] : aABCDEFGHIJK 841
[fs_gsys] : `ABCDEFGHIJK 840
[fs_gsys] : _ABCDEFGHIJK 839
[fs_gsys] : ^ABCDEFGHIJK 838
[fs_gsys] : ]ABCDEFGHIJK 837
[fs_gsys] : \ABCDEFGHIJK 836
[fs_gsys] : [ABCDEFGHIJK 835
[fs_gsys] : ZABCDEFGHIJK 834
[fs_gsys] : YABCDEFGHIJK 833
[fs_gsys] : XABCDEFGHIJK 832
[fs_gsys] : WABCDEFGHIJK 831
[fs_gsys] : VABCDEFGHIJK 830
[fs_gsys] : UABCDEFGHIJK 829
[fs_gsys] : TABCDEFGHIJK 828
[fs_gsys] : SABCDEFGHIJK 827
[fs_gsys] : RABCDEFGHIJK 826
[fs_gsys] : QABCDEFGHIJK 825
[fs_gsys] : PABCDEFGHIJK 824
[fs_gsys] : OABCDEFGHIJK 823
[fs_gsys] : NABCDEFGHIJK 822
[fs_gsys] : MABCDEFGHIJK 821
[fs_gsys] : LABCDEFGHIJK 820
[fs_gsys] : KABCDEFGHIJK 819
[fs_gsys] : JABCDEFGHIJK 818
[fs_gsys] : IABCDEFGHIJK 817
[fs_gsys] : HABCDEFGHIJK 816
[fs_gsys] : GABCDEFGHIJK 815
[fs_gsys] : FABCDEFGHIJK 814
[fs_gsys] : EABCDEFGHIJK 813
[fs_gsys] : DABCDEFGHIJK 812
[fs_gsys] : CABCDEFGHIJK 811
[fs_gsys] : BABCDEFGHIJK 810
[fs_gsys] : AABCDEFGHIJK 809
[fs_gsys] : @ABCDEFGHIJK 808
[fs_gsys] : ?ABCDEFGHIJK 807
[fs_gsys] : >ABCDEFGHIJK 806
[fs_gsys] : =ABCDEFGHIJK 805
[fs_gsys] : <ABCDEFGHIJK 804
[fs_gsys] : ;ABCDEFGHIJK 803
[fs_gsys] : :ABCDEFGHIJK 802
[fs_gsys] : 9ABCDEFGHIJK 801
[fs_gsys] : 8ABCDEFGHIJK 800
[fs_gsys] : 7ABCDEFGHIJK 799
[fs_gsys] : 6ABCDEFGHIJK 798
[fs_gsys] : 5ABCDEFGHIJK 797
[fs_gsys] : 4ABCDEFGHIJK 796
[fs_gsys] : 3ABCDEFGHIJK 795
[fs_gsys] : 2ABCDEFGHIJK 794
[fs_gsys] : ~ABCDEFGHIJ 793
[fs_gsys] : }ABCDEFGHIJ 792
[fs_gsys] : |ABCDEFGHIJ 791
[fs_gsys] : {ABCDEFGHIJ 790
[fs_gsys] : zABCDEFGHIJ 789
[fs_gsys] : yABCDEFGHIJ 788
[fs_gsys] : xABCDEFGHIJ 787
[fs_gsys] : wABCDEFGHIJ 786
[fs_gsys] : vABCDEFGHIJ 785
[fs_gsys] : uABCDEFGHIJ 784
[fs_gsys] : tABCDEFGHIJ 783
[fs_gsys] : sABCDEFGHIJ 782
[fs_gsys] : rABCDEFGHIJ 781
[fs_gsys] : qABCDEFGHIJ 780
[fs_gsys] : pABCDEFGHIJ 779
[fs_gsys] : oABCDEFGHIJ 778
[fs_gsys] : nABCDEFGHIJ 777
[fs_gsys] : mABCDEFGHIJ 776
[fs_gsys] : lABCDEFGHIJ 775
[fs_gsys] : kABCDEFGHIJ 774
[fs_gsys] : jABCDEFGHIJ 773
[fs_gsys] : iABCDEFGHIJ 772
[fs_gsys] : hABCDEFGHIJ 771
[fs_gsys] : gABCDEFGHIJ 770
[fs_gsys] : fABCDEFGHIJ 769
[fs_gsys] : eABCDEFGHIJ 768
[fs_gsys] : dABCDEFGHIJ 767
[fs_gsys] : cABCDEFGHIJ 766
[fs_gsys] : bABCDEFGHIJ 765
[fs_gsys] : aABCDEFGHIJ 764
[fs_gsys] : `ABCDEFGHIJ 763
[fs_gsys] : _ABCDEFGHIJ 762
[fs_gsys] : ^ABCDEFGHIJ 761
[fs_gsys] : ]ABCDEFGHIJ 760
[fs_gsys] : \ABCDEFGHIJ 759
[fs_gsys] : [ABCDEFGHIJ 758
[fs_gsys] : ZABCDEFGHIJ 757
[fs_gsys] : YABCDEFGHIJ 756
[fs_gsys] : XABCDEFGHIJ 755
[fs_gsys] : WABCDEFGHIJ 754
[fs_gsys] : VABCDEFGHIJ 753
[fs_gsys] : UABCDEFGHIJ 752
[fs_gsys] : TABCDEFGHIJ 751
[fs_gsys] : SABCDEFGHIJ 750
[fs_gsys] : RABCDEFGHIJ 749
[fs_gsys] : QABCDEFGHIJ 748
[fs_gsys] : PABCDEFGHIJ 747
[fs_gsys] : OABCDEFGHIJ 746
[fs_gsys] : NABCDEFGHIJ 745
[fs_gsys] : MABCDEFGHIJ 744
[fs_gsys] : LABCDEFGHIJ 743
[fs_gsys] : KABCDEFGHIJ 742
[fs_gsys] : JABCDEFGHIJ 741
[fs_gsys] : IABCDEFGHIJ 740
[fs_gsys] : HABCDEFGHIJ 739
[fs_gsys] : GABCDEFGHIJ 738
[fs_gsys] : FABCDEFGHIJ 737
[fs_gsys] : EABCDEFGHIJ 736
[fs_gsys] : DABCDEFGHIJ 735
[fs_gsys] : CABCDEFGHIJ 734
[fs_gsys] : BABCDEFGHIJ 733
[fs_gsys] : AABCDEFGHIJ 732
[fs_gsys] : @ABCDEFGHIJ 731
[fs_gsys] : ?ABCDEFGHIJ 730
[fs_gsys] : >ABCDEFGHIJ 729
[fs_gsys] : =ABCDEFGHIJ 728
[fs_gsys] : <ABCDEFGHIJ 727
[fs_gsys] : ;ABCDEFGHIJ 726
[fs_gsys] : :ABCDEFGHIJ 725
[fs_gsys] : 9ABCDEFGHIJ 724
[fs_gsys] : 8ABCDEFGHIJ 723
[fs_gsys] : 7ABCDEFGHIJ 722
[fs_gsys] : 6ABCDEFGHIJ 721
[fs_gsys] : 5ABCDEFGHIJ 720
[fs_gsys] : 4ABCDEFGHIJ 719
[fs_gsys] : 3ABCDEFGHIJ 718
[fs_gsys] : 2ABCDEFGHIJ 717
[fs_gsys] : ~ABCDEFGHI 716
[fs_gsys] : }ABCDEFGHI 715
[fs_gsys] : |ABCDEFGHI 714
[fs_gsys] : {ABCDEFGHI 713
[fs_gsys] : zABCDEFGHI 712
[fs_gsys] : yABCDEFGHI 711
[fs_gsys] : xABCDEFGHI 710
[fs_gsys] : wABCDEFGHI 709
[fs_gsys] : vABCDEFGHI 708
[fs_gsys] : uABCDEFGHI 707
[fs_gsys] : tABCDEFGHI 706
[fs_gsys] : sABCDEFGHI 705
[fs_gsys] : rABCDEFGHI 704
[fs_gsys] : qABCDEFGHI 703
[fs_gsys] : pABCDEFGHI 702
[fs_gsys] : oABCDEFGHI 701
[fs_gsys] : nABCDEFGHI 700
[fs_gsys] : mABCDEFGHI 699
[fs_gsys] : lABCDEFGHI 698
[fs_gsys] : kABCDEFGHI 697
[fs_gsys] : jABCDEFGHI 696
[fs_gsys] : iABCDEFGHI 695
[fs_gsys] : hABCDEFGHI 694
[fs_gsys] : gABCDEFGHI 693
[fs_gsys] : fABCDEFGHI 692
[fs_gsys] : eABCDEFGHI 691
[fs_gsys] : dABCDEFGHI 690
[fs_gsys] : cABCDEFGHI 689
[fs_gsys] : bABCDEFGHI 688
[fs_gsys] : aABCDEFGHI 687
[fs_gsys] : `ABCDEFGHI 686
[fs_gsys] : _ABCDEFGHI 685
[fs_gsys] : ^ABCDEFGHI 684
[fs_gsys] : ]ABCDEFGHI 683
[fs_gsys] : \ABCDEFGHI 682
[fs_gsys] : [ABCDEFGHI 681
[fs_gsys] : ZABCDEFGHI 680
[fs_gsys] : YABCDEFGHI 679
[fs_gsys] : XABCDEFGHI 678
[fs_gsys] : WABCDEFGHI 677
[fs_gsys] : VABCDEFGHI 676
[fs_gsys] : UABCDEFGHI 675
[fs_gsys] : TABCDEFGHI 674
[fs_gsys] : SABCDEFGHI 673
[fs_gsys] : RABCDEFGHI 672
[fs_gsys] : QABCDEFGHI 671
[fs_gsys] : PABCDEFGHI 670
[fs_gsys] : OABCDEFGHI 669
[fs_gsys] : NABCDEFGHI 668
[fs_gsys] : MABCDEFGHI 667
[fs_gsys] : LABCDEFGHI 666
[fs_gsys] : KABCDEFGHI 665
[fs_gsys] : JABCDEFGHI 664
[fs_gsys] : IABCDEFGHI 663
[fs_gsys] : HABCDEFGHI 662
[fs_gsys] : GABCDEFGHI 661
[fs_gsys] : FABCDEFGHI 660
[fs_gsys] : EABCDEFGHI 659
[fs_gsys] : DABCDEFGHI 658
[fs_gsys] : CABCDEFGHI 657
[fs_gsys] : BABCDEFGHI 656
[fs_gsys] : AABCDEFGHI 655
[fs_gsys] : @ABCDEFGHI 654
[fs_gsys] : ?ABCDEFGHI 653
[fs_gsys] : >ABCDEFGHI 652
[fs_gsys] : =ABCDEFGHI 651
[fs_gsys] : <ABCDEFGHI 650
[fs_gsys] : ;ABCDEFGHI 649
[fs_gsys] : :ABCDEFGHI 648
[fs_gsys] : 9ABCDEFGHI 647
[fs_gsys] : 8ABCDEFGHI 646
[fs_gsys] : 7ABCDEFGHI 645
[fs_gsys] : 6ABCDEFGHI 644
[fs_gsys] : 5ABCDEFGHI 643
[fs_gsys] : 4ABCDEFGHI 642
[fs_gsys] : 3ABCDEFGHI 641
[fs_gsys] : 2ABCDEFGHI 640
[fs_gsys] : ~ABCDEFGH 639
[fs_gsys] : }ABCDEFGH 638
[fs_gsys] : |ABCDEFGH 637
[fs_gsys] : {ABCDEFGH 636
[fs_gsys] : zABCDEFGH 635
[fs_gsys] : yABCDEFGH 634
[fs_gsys] : xABCDEFGH 633
[fs_gsys] : wABCDEFGH 632
[fs_gsys] : vABCDEFGH 631
[fs_gsys] : uABCDEFGH 630
[fs_gsys] : tABCDEFGH 629
[fs_gsys] : sABCDEFGH 628
[fs_gsys] : rABCDEFGH 627
[fs_gsys] : qABCDEFGH 626
[fs_gsys] : pABCDEFGH 625
[fs_gsys] : oABCDEFGH 624
[fs_gsys] : nABCDEFGH 623
[fs_gsys] : mABCDEFGH 622
[fs_gsys] : lABCDEFGH 621
[fs_gsys] : kABCDEFGH 620
[fs_gsys] : jABCDEFGH 619
[fs_gsys] : iABCDEFGH 618
[fs_gsys] : hABCDEFGH 617
[fs_gsys] : gABCDEFGH 616
[fs_gsys] : fABCDEFGH 615
[fs_gsys] : eABCDEFGH 614
[fs_gsys] : dABCDEFGH 613
[fs_gsys] : cABCDEFGH 612
[fs_gsys] : bABCDEFGH 611
[fs_gsys] : aABCDEFGH 610
[fs_gsys] : `ABCDEFGH 609
[fs_gsys] : _ABCDEFGH 608
[fs_gsys] : ^ABCDEFGH 607
[fs_gsys] : ]ABCDEFGH 606
[fs_gsys] : \ABCDEFGH 605
[fs_gsys] : [ABCDEFGH 604
[fs_gsys] : ZABCDEFGH 603
[fs_gsys] : YABCDEFGH 602
[fs_gsys] : XABCDEFGH 601
[fs_gsys] : WABCDEFGH 600
[fs_gsys] : VABCDEFGH 599
[fs_gsys] : UABCDEFGH 598
[fs_gsys] : TABCDEFGH 597
[fs_gsys] : SABCDEFGH 596
[fs_gsys] : RABCDEFGH 595
[fs_gsys] : QABCDEFGH 594
[fs_gsys] : PABCDEFGH 593
[fs_gsys] : OABCDEFGH 592
[fs_gsys] : NABCDEFGH 591
[fs_gsys] : MABCDEFGH 590
[fs_gsys] : LABCDEFGH 589
[fs_gsys] : KABCDEFGH 588
[fs_gsys] : JABCDEFGH 587
[fs_gsys] : IABCDEFGH 586
[fs_gsys] : HABCDEFGH 585
[fs_gsys] : GABCDEFGH 584
[fs_gsys] : FABCDEFGH 583
[fs_gsys] : EABCDEFGH 582
[fs_gsys] : DABCDEFGH 581
[fs_gsys] : CABCDEFGH 580
[fs_gsys] : BABCDEFGH 579
[fs_gsys] : AABCDEFGH 578
[fs_gsys] : @ABCDEFGH 577
[fs_gsys] : ?ABCDEFGH 576
[fs_gsys] : >ABCDEFGH 575
[fs_gsys] : =ABCDEFGH 574
[fs_gsys] : <ABCDEFGH 573
[fs_gsys] : ;ABCDEFGH 572
[fs_gsys] : :ABCDEFGH 571
[fs_gsys] : 9ABCDEFGH 570
[fs_gsys] : 8ABCDEFGH 569
[fs_gsys] : 7ABCDEFGH 568
[fs_gsys] : 6ABCDEFGH 567
[fs_gsys] : 5ABCDEFGH 566
[fs_gsys] : 4ABCDEFGH 565
[fs_gsys] : 3ABCDEFGH 564
[fs_gsys] : 2ABCDEFGH 563
[fs_gsys] : ~ABCDEFG 562
[fs_gsys] : }ABCDEFG 561
[fs_gsys] : |ABCDEFG 560
[fs_gsys] : {ABCDEFG 559
[fs_gsys] : zABCDEFG 558
[fs_gsys] : yABCDEFG 557
[fs_gsys] : xABCDEFG 556
[fs_gsys] : wABCDEFG 555
[fs_gsys] : vABCDEFG 554
[fs_gsys] : uABCDEFG 553
[fs_gsys] : tABCDEFG 552
[fs_gsys] : sABCDEFG 551
[fs_gsys] : rABCDEFG 550
[fs_gsys] : qABCDEFG 549
[fs_gsys] : pABCDEFG 548
[fs_gsys] : oABCDEFG 547
[fs_gsys] : nABCDEFG 546
[fs_gsys] : mABCDEFG 545
[fs_gsys] : lABCDEFG 544
[fs_gsys] : kABCDEFG 543
[fs_gsys] : jABCDEFG 542
[fs_gsys] : iABCDEFG 541
[fs_gsys] : hABCDEFG 540
[fs_gsys] : gABCDEFG 539
[fs_gsys] : fABCDEFG 538
[fs_gsys] : eABCDEFG 537
[fs_gsys] : dABCDEFG 536
[fs_gsys] : cABCDEFG 535
[fs_gsys] : bABCDEFG 534
[fs_gsys] : aABCDEFG 533
[fs_gsys] : `ABCDEFG 532
[fs_gsys] : _ABCDEFG 531
[fs_gsys] : ^ABCDEFG 530
[fs_gsys] : ]ABCDEFG 529
[fs_gsys] : \ABCDEFG 528
[fs_gsys] : [ABCDEFG 527
[fs_gsys] : ZABCDEFG 526
[fs_gsys] : YABCDEFG 525
[fs_gsys] : XABCDEFG 524
[fs_gsys] : WABCDEFG 523
[fs_gsys] : VABCDEFG 522
[fs_gsys] : UABCDEFG 521
[fs_gsys] : TABCDEFG 520
[fs_gsys] : SABCDEFG 519
[fs_gsys] : RABCDEFG 518
[fs_gsys] : QABCDEFG 517
[fs_gsys] : PABCDEFG 516
[fs_gsys] : OABCDEFG 515
[fs_gsys] : NABCDEFG 514
[fs_gsys] : MABCDEFG 513
[fs_gsys] : LABCDEFG 512
[fs_gsys] : KABCDEFG 511
[fs_gsys] : JABCDEFG 510
[fs_gsys] : IABCDEFG 509
[fs_gsys] : HABCDEFG 508
[fs_gsys] : GABCDEFG 507
[fs_gsys] : FABCDEFG 506
[fs_gsys] : EABCDEFG 505
[fs_gsys] : DABCDEFG 504
[fs_gsys] : CABCDEFG 503
[fs_gsys] : BABCDEFG 502
[fs_gsys] : AABCDEFG 501
[fs_gsys] : @ABCDEFG 500
[fs_gsys] : ?ABCDEFG 499
[fs_gsys] : >ABCDEFG 498
[fs_gsys] : =ABCDEFG 497
[fs_gsys] : <ABCDEFG 496
[fs_gsys] : ;ABCDEFG 495
[fs_gsys] : :ABCDEFG 494
[fs_gsys] : 9ABCDEFG 493
[fs_gsys] : 8ABCDEFG 492
[fs_gsys] : 7ABCDEFG 491
[fs_gsys] : 6ABCDEFG 490
[fs_gsys] : 5ABCDEFG 489
[fs_gsys] : 4ABCDEFG 488
[fs_gsys] : 3ABCDEFG 487
[fs_gsys] : 2ABCDEFG 486
[fs_gsys] : ~ABCDEF 485
[fs_gsys] : }ABCDEF 484
[fs_gsys] : |ABCDEF 483
[fs_gsys] : {ABCDEF 482
[fs_gsys] : zABCDEF 481
[fs_gsys] : yABCDEF 480
[fs_gsys] : xABCDEF 479
[fs_gsys] : wABCDEF 478
[fs_gsys] : vABCDEF 477
[fs_gsys] : uABCDEF 476
[fs_gsys] : tABCDEF 475
[fs_gsys] : sABCDEF 474
[fs_gsys] : rABCDEF 473
[fs_gsys] : qABCDEF 472
[fs_gsys] : pABCDEF 471
[fs_gsys] : oABCDEF 470
[fs_gsys] : nABCDEF 469
[fs_gsys] : mABCDEF 468
[fs_gsys] : lABCDEF 467
[fs_gsys] : kABCDEF 466
[fs_gsys] : jABCDEF 465
[fs_gsys] : iABCDEF 464
[fs_gsys] : hABCDEF 463
[fs_gsys] : gABCDEF 462
[fs_gsys] : fABCDEF 461
[fs_gsys] : eABCDEF 460
[fs_gsys] : dABCDEF 459
[fs_gsys] : cABCDEF 458
[fs_gsys] : bABCDEF 457
[fs_gsys] : aABCDEF 456
[fs_gsys] : `ABCDEF 455
[fs_gsys] : _ABCDEF 454
[fs_gsys] : ^ABCDEF 453
[fs_gsys] : ]ABCDEF 452
[fs_gsys] : \ABCDEF 451
[fs_gsys] : [ABCDEF 450
[fs_gsys] : ZABCDEF 449
[fs_gsys] : YABCDEF 448
[fs_gsys] : XABCDEF 447
[fs_gsys] : WABCDEF 446
[fs_gsys] : VABCDEF 445
[fs_gsys] : UABCDEF 444
[fs_gsys] : TABCDEF 443
[fs_gsys] : SABCDEF 442
[fs_gsys] : RABCDEF 441
[fs_gsys] : QABCDEF 440
[fs_gsys] : PABCDEF 439
[fs_gsys] : OABCDEF 438
[fs_gsys] : NABCDEF 437
[fs_gsys] : MABCDEF 436
[fs_gsys] : LABCDEF 435
[fs_gsys] : KABCDEF 434
[fs_gsys] : JABCDEF 433
[fs_gsys] : IABCDEF 432
[fs_gsys] : HABCDEF 431
[fs_gsys] : GABCDEF 430
[fs_gsys] : FABCDEF 429
[fs_gsys] : EABCDEF 428
[fs_gsys] : DABCDEF 427
[fs_gsys] : CABCDEF 426
[fs_gsys] : BABCDEF 425
[fs_gsys] : AABCDEF 424
[fs_gsys] : @ABCDEF 423
[fs_gsys] : ?ABCDEF 422
[fs_gsys] : >ABCDEF 421
[fs_gsys] : =ABCDEF 420
[fs_gsys] : <ABCDEF 419
[fs_gsys] : ;ABCDEF 418
[fs_gsys] : :ABCDEF 417
[fs_gsys] : 9ABCDEF 416
[fs_gsys] : 8ABCDEF 415
[fs_gsys] : 7ABCDEF 414
[fs_gsys] : 6ABCDEF 413
[fs_gsys] : 5ABCDEF 412
[fs_gsys] : 4ABCDEF 411
[fs_gsys] : 3ABCDEF 410
[fs_gsys] : 2ABCDEF 409
[fs_gsys] : ~ABCDE 408
[fs_gsys] : }ABCDE 407
[fs_gsys] : |ABCDE 406
[fs_gsys] : {ABCDE 405
[fs_gsys] : zABCDE 404
[fs_gsys] : yABCDE 403
[fs_gsys] : xABCDE 402
[fs_gsys] : wABCDE 401
[fs_gsys] : vABCDE 400
[fs_gsys] : uABCDE 399
[fs_gsys] : tABCDE 398
[fs_gsys] : sABCDE 397
[fs_gsys] : rABCDE 396
[fs_gsys] : qABCDE 395
[fs_gsys] : pABCDE 394
[fs_gsys] : oABCDE 393
[fs_gsys] : nABCDE 392
[fs_gsys] : mABCDE 391
[fs_gsys] : lABCDE 390
[fs_gsys] : kABCDE 389
[fs_gsys] : jABCDE 388
[fs_gsys] : iABCDE 387
[fs_gsys] : hABCDE 386
[fs_gsys] : gABCDE 385
[fs_gsys] : fABCDE 384
[fs_gsys] : eABCDE 383
[fs_gsys] : dABCDE 382
[fs_gsys] : cABCDE 381
[fs_gsys] : bABCDE 380
[fs_gsys] : aABCDE 379
[fs_gsys] : `ABCDE 378
[fs_gsys] : _ABCDE 377
[fs_gsys] : ^ABCDE 376
[fs_gsys] : ]ABCDE 375
[fs_gsys] : \ABCDE 374
[fs_gsys] : [ABCDE 373
[fs_gsys] : ZABCDE 372
[fs_gsys] : YABCDE 371
[fs_gsys] : XABCDE 370
[fs_gsys] : WABCDE 369
[fs_gsys] : VABCDE 368
[fs_gsys] : UABCDE 367
[fs_gsys] : TABCDE 366
[fs_gsys] : SABCDE 365
[fs_gsys] : RABCDE 364
[fs_gsys] : QABCDE 363
[fs_gsys] : PABCDE 362
[fs_gsys] : OABCDE 361
[fs_gsys] : NABCDE 360
[fs_gsys] : MABCDE 359
[fs_gsys] : LABCDE 358
[fs_gsys] : KABCDE 357
[fs_gsys] : JABCDE 356
[fs_gsys] : IABCDE 355
[fs_gsys] : HABCDE 354
[fs_gsys] : GABCDE 353
[fs_gsys] : FABCDE 352
[fs_gsys] : EABCDE 351
[fs_gsys] : DABCDE 350
[fs_gsys] : CABCDE 349
[fs_gsys] : BABCDE 348
[fs_gsys] : AABCDE 347
[fs_gsys] : @ABCDE 346
[fs_gsys] : ?ABCDE 345
[fs_gsys] : >ABCDE 344
[fs_gsys] : =ABCDE 343
[fs_gsys] : <ABCDE 342
[fs_gsys] : ;ABCDE 341
[fs_gsys] : :ABCDE 340
[fs_gsys] : 9ABCDE 339
[fs_gsys] : 8ABCDE 338
[fs_gsys] : 7ABCDE 337
[fs_gsys] : 6ABCDE 336
[fs_gsys] : 5ABCDE 335
[fs_gsys] : 4ABCDE 334
[fs_gsys] : 3ABCDE 333
[fs_gsys] : 2ABCDE 332
[fs_gsys] : ~ABCD 331
[fs_gsys] : }ABCD 330
[fs_gsys] : |ABCD 329
[fs_gsys] : {ABCD 328
[fs_gsys] : zABCD 327
[fs_gsys] : yABCD 326
[fs_gsys] : xABCD 325
[fs_gsys] : wABCD 324
[fs_gsys] : vABCD 323
[fs_gsys] : uABCD 322
[fs_gsys] : tABCD 321
[fs_gsys] : sABCD 320
[fs_gsys] : rABCD 319
[fs_gsys] : qABCD 318
[fs_gsys] : pABCD 317
[fs_gsys] : oABCD 316
[fs_gsys] : nABCD 315
[fs_gsys] : mABCD 314
[fs_gsys] : lABCD 313
[fs_gsys] : kABCD 312
[fs_gsys] : jABCD 311
[fs_gsys] : iABCD 310
[fs_gsys] : hABCD 309
[fs_gsys] : gABCD 308
[fs_gsys] : fABCD 307
[fs_gsys] : eABCD 306
[fs_gsys] : dABCD 305
[fs_gsys] : cABCD 304
[fs_gsys] : bABCD 303
[fs_gsys] : aABCD 302
[fs_gsys] : `ABCD 301
[fs_gsys] : _ABCD 300
[fs_gsys] : ^ABCD 299
[fs_gsys] : ]ABCD 298
[fs_gsys] : \ABCD 297
[fs_gsys] : [ABCD 296
[fs_gsys] : ZABCD 295
[fs_gsys] : YABCD 294
[fs_gsys] : XABCD 293
[fs_gsys] : WABCD 292
[fs_gsys] : VABCD 291
[fs_gsys] : UABCD 290
[fs_gsys] : TABCD 289
[fs_gsys] : SABCD 288
[fs_gsys] : RABCD 287
[fs_gsys] : QABCD 286
[fs_gsys] : PABCD 285
[fs_gsys] : OABCD 284
[fs_gsys] : NABCD 283
[fs_gsys] : MABCD 282
[fs_gsys] : LABCD 281
[fs_gsys] : KABCD 280
[fs_gsys] : JABCD 279
[fs_gsys] : IABCD 278
[fs_gsys] : HABCD 277
[fs_gsys] : GABCD 276
[fs_gsys] : FABCD 275
[fs_gsys] : EABCD 274
[fs_gsys] : DABCD 273
[fs_gsys] : CABCD 272
[fs_gsys] : BABCD 271
[fs_gsys] : AABCD 270
[fs_gsys] : @ABCD 269
[fs_gsys] : ?ABCD 268
[fs_gsys] : >ABCD 267
[fs_gsys] : =ABCD 266
[fs_gsys] : <ABCD 265
[fs_gsys] : ;ABCD 264
[fs_gsys] : :ABCD 263
[fs_gsys] : 9ABCD 262
[fs_gsys] : 8ABCD 261
[fs_gsys] : 7ABCD 260
[fs_gsys] : 6ABCD 259
[fs_gsys] : 5ABCD 258
[fs_gsys] : 4ABCD 257
[fs_gsys] : 3ABCD 256
[fs_gsys] : 2ABCD 255
[fs_gsys] : ~ABC 254
[fs_gsys] : }ABC 253
[fs_gsys] : |ABC 252
[fs_gsys] : {ABC 251
[fs_gsys] : zABC 250
[fs_gsys] : yABC 249
[fs_gsys] : xABC 248
[fs_gsys] : wABC 247
[fs_gsys] : vABC 246
[fs_gsys] : uABC 245
[fs_gsys] : tABC 244
[fs_gsys] : sABC 243
[fs_gsys] : rABC 242
[fs_gsys] : qABC 241
[fs_gsys] : pABC 240
[fs_gsys] : oABC 239
[fs_gsys] : nABC 238
[fs_gsys] : mABC 237
[fs_gsys] : lABC 236
[fs_gsys] : kABC 235
[fs_gsys] : jABC 234
[fs_gsys] : iABC 233
[fs_gsys] : hABC 232
[fs_gsys] : gABC 231
[fs_gsys] : fABC 230
[fs_gsys] : eABC 229
[fs_gsys] : dABC 228
[fs_gsys] : cABC 227
[fs_gsys] : bABC 226
[fs_gsys] : aABC 225
[fs_gsys] : `ABC 224
[fs_gsys] : _ABC 223
[fs_gsys] : ^ABC 222
[fs_gsys] : ]ABC 221
[fs_gsys] : \ABC 220
[fs_gsys] : [ABC 219
[fs_gsys] : ZABC 218
[fs_gsys] : YABC 217
[fs_gsys] : XABC 216
[fs_gsys] : WABC 215
[fs_gsys] : VABC 214
[fs_gsys] : UABC 213
[fs_gsys] : TABC 212
[fs_gsys] : SABC 211
[fs_gsys] : RABC 210
[fs_gsys] : QABC 209
[fs_gsys] : PABC 208
[fs_gsys] : OABC 207
[fs_gsys] : NABC 206
[fs_gsys] : MABC 205
[fs_gsys] : LABC 204
[fs_gsys] : KABC 203
[fs_gsys] : JABC 202
[fs_gsys] : IABC 201
[fs_gsys] : HABC 200
[fs_gsys] : GABC 199
[fs_gsys] : FABC 198
[fs_gsys] : EABC 197
[fs_gsys] : DABC 196
[fs_gsys] : CABC 195
[fs_gsys] : BABC 194
[fs_gsys] : AABC 193
[fs_gsys] : @ABC 192
[fs_gsys] : ?ABC 191
[fs_gsys] : >ABC 190
[fs_gsys] : =ABC 189
[fs_gsys] : <ABC 188
[fs_gsys] : ;ABC 187
[fs_gsys] : :ABC 186
[fs_gsys] : 9ABC 185
[fs_gsys] : 8ABC 184
[fs_gsys] : 7ABC 183
[fs_gsys] : 6ABC 182
[fs_gsys] : 5ABC 181
[fs_gsys] : 4ABC 180
[fs_gsys] : 3ABC 179
[fs_gsys] : 2ABC 178
[fs_gsys] : ~AB 177
[fs_gsys] : }AB 176
[fs_gsys] : |AB 175
[fs_gsys] : {AB 174
[fs_gsys] : zAB 173
[fs_gsys] : yAB 172
[fs_gsys] : xAB 171
[fs_gsys] : wAB 170
[fs_gsys] : vAB 169
[fs_gsys] : uAB 168
[fs_gsys] : tAB 167
[fs_gsys] : sAB 166
[fs_gsys] : rAB 165
[fs_gsys] : qAB 164
[fs_gsys] : pAB 163
[fs_gsys] : oAB 162
[fs_gsys] : nAB 161
[fs_gsys] : mAB 160
[fs_gsys] : lAB 159
[fs_gsys] : kAB 158
[fs_gsys] : jAB 157
[fs_gsys] : iAB 156
[fs_gsys] : hAB 155
[fs_gsys] : gAB 154
[fs_gsys] : fAB 153
[fs_gsys] : eAB 152
[fs_gsys] : dAB 151
[fs_gsys] : cAB 150
[fs_gsys] : bAB 149
[fs_gsys] : aAB 148
[fs_gsys] : `AB 147
[fs_gsys] : _AB 146
[fs_gsys] : ^AB 145
[fs_gsys] : ]AB 144
[fs_gsys] : \AB 143
[fs_gsys] : [AB 142
[fs_gsys] : ZAB 141
[fs_gsys] : YAB 140
[fs_gsys] : XAB 139
[fs_gsys] : WAB 138
[fs_gsys] : VAB 137
[fs_gsys] : UAB 136
[fs_gsys] : TAB 135
[fs_gsys] : SAB 134
[fs_gsys] : RAB 133
[fs_gsys] : QAB 132
[fs_gsys] : PAB 131
[fs_gsys] : OAB 130
[fs_gsys] : NAB 129
[fs_gsys] : MAB 128
[fs_gsys] : LAB 127
[fs_gsys] : KAB 126
[fs_gsys] : JAB 125
[fs_gsys] : IAB 124
[fs_gsys] : HAB 123
[fs_gsys] : GAB 122
[fs_gsys] : FAB 121
[fs_gsys] : EAB 120
[fs_gsys] : DAB 119
[fs_gsys] : CAB 118
[fs_gsys] : BAB 117
[fs_gsys] : AAB 116
[fs_gsys] : @AB 115
[fs_gsys] : ?AB 114
[fs_gsys] : >AB 113
[fs_gsys] : =AB 112
[fs_gsys] : <AB 111
[fs_gsys] : ;AB 110
[fs_gsys] : :AB 109
[fs_gsys] : 9AB 108
[fs_gsys] : 8AB 107
[fs_gsys] : 7AB 106
[fs_gsys] : 6AB 105
[fs_gsys] : 5AB 104
[fs_gsys] : 4AB 103
[fs_gsys] : 3AB 102
[fs_gsys] : 2AB 101
[fs_gsys] : ~A 100
[fs_gsys] : }A 99
[fs_gsys] : |A 98
[fs_gsys] : {A 97
[fs_gsys] : zA 96
[fs_gsys] : yA 95
[fs_gsys] : xA 94
[fs_gsys] : wA 93
[fs_gsys] : vA 92
[fs_gsys] : uA 91
[fs_gsys] : tA 90
[fs_gsys] : sA 89
[fs_gsys] : rA 88
[fs_gsys] : qA 87
[fs_gsys] : pA 86
[fs_gsys] : oA 85
[fs_gsys] : nA 84
[fs_gsys] : mA 83
[fs_gsys] : lA 82
[fs_gsys] : kA 81
[fs_gsys] : jA 80
[fs_gsys] : iA 79
[fs_gsys] : hA 78
[fs_gsys] : gA 77
[fs_gsys] : fA 76
[fs_gsys] : eA 75
[fs_gsys] : dA 74
[fs_gsys] : cA 73
[fs_gsys] : bA 72
[fs_gsys] : aA 71
[fs_gsys] : `A 70
[fs_gsys] : _A 69
[fs_gsys] : ^A 68
[fs_gsys] : ]A 67
[fs_gsys] : \A 66
[fs_gsys] : [A 65
[fs_gsys] : ZA 64
[fs_gsys] : YA 63
[fs_gsys] : XA 62
[fs_gsys] : WA 61
[fs_gsys] : VA 60
[fs_gsys] : UA 59
[fs_gsys] : TA 58
[fs_gsys] : SA 57
[fs_gsys] : RA 56
[fs_gsys] : QA 55
[fs_gsys] : PA 54
[fs_gsys] : OA 53
[fs_gsys] : NA 52
[fs_gsys] : MA 51
[fs_gsys] : LA 50
[fs_gsys] : KA 49
[fs_gsys] : JA 48
[fs_gsys] : IA 47
[fs_gsys] : HA 46
[fs_gsys] : GA 45
[fs_gsys] : FA 44
[fs_gsys] : EA 43
[fs_gsys] : DA 42
[fs_gsys] : CA 41
[fs_gsys] : BA 40
[fs_gsys] : AA 39
[fs_gsys] : @A 38
[fs_gsys] : ?A 37
[fs_gsys] : >A 36
[fs_gsys] : =A 35
[fs_gsys] : <A 34
[fs_gsys] : *ABCDEFGHIJKLMNOPQR 33
[fs_gsys] : ;A 33
[fs_gsys] : )ABCDEFGHIJKLMNOPQR 32
[fs_gsys] : :A 32
[fs_gsys] : (ABCDEFGHIJKLMNOPQR 31
[fs_gsys] : 9A 31
[fs_gsys] : 'ABCDEFGHIJKLMNOPQR 30
[fs_gsys] : 8A 30
[fs_gsys] : &ABCDEFGHIJKLMNOPQR 29
[fs_gsys] : 7A 29
[fs_gsys] : 6A 28
[fs_gsys] : 5A 27
[fs_gsys] : 4A 26
[fs_gsys] : 3A 25
[fs_gsys] : 2A 24
[fs_gsys] : b.txt 12
[fs_gsys] : ===sort by file size===
[fs_gsys] : EA 1024
[fs_gsys] : ~ABCDEFGHIJKLM 1024
[fs_gsys] : aa 1024
[fs_gsys] : bb 1024
[fs_gsys] : cc 1024
[fs_gsys] : dd 1024
[fs_gsys] : ee 1024
[fs_gsys] : ff 1024
[fs_gsys] : gg 1024
[fs_gsys] : hh 1024
[fs_gsys] : ii 1024
[fs_gsys] : jj 1024
[fs_gsys] : kk 1024
[fs_gsys] : ll 1024
[fs_gsys] : mm 1024
[fs_gsys] : nn 1024
[fs_gsys] : oo 1024
[fs_gsys] : pp 1024
[fs_gsys] : qq 1024
[fs_gsys] : }ABCDEFGHIJKLM 1023
[fs_gsys] : |ABCDEFGHIJKLM 1022
[fs_gsys] : {ABCDEFGHIJKLM 1021
[fs_gsys] : zABCDEFGHIJKLM 1020
[fs_gsys] : yABCDEFGHIJKLM 1019
[fs_gsys] : xABCDEFGHIJKLM 1018
[fs_gsys] : wABCDEFGHIJKLM 1017
[fs_gsys] : vABCDEFGHIJKLM 1016
[fs_gsys] : uABCDEFGHIJKLM 1015
[fs_gsys] : tABCDEFGHIJKLM 1014
[fs_gsys] : sABCDEFGHIJKLM 1013
[fs_gsys] : rABCDEFGHIJKLM 1012
[fs_gsys] : qABCDEFGHIJKLM 1011
[fs_gsys] : pABCDEFGHIJKLM 1010
[fs_gsys] : oABCDEFGHIJKLM 1009
[fs_gsys] : nABCDEFGHIJKLM 1008
[fs_gsys] : mABCDEFGHIJKLM 1007
[fs_gsys] : lABCDEFGHIJKLM 1006
[fs_gsys] : kABCDEFGHIJKLM 1005
[fs_gsys] : jABCDEFGHIJKLM 1004
[fs_gsys] : iABCDEFGHIJKLM 1003
[fs_gsys] : hABCDEFGHIJKLM 1002
[fs_gsys] : gABCDEFGHIJKLM 1001
[fs_gsys] : fABCDEFGHIJKLM 1000
[fs_gsys] : eABCDEFGHIJKLM 999
[fs_gsys] : dABCDEFGHIJKLM 998
[fs_gsys] : cABCDEFGHIJKLM 997
[fs_gsys] : bABCDEFGHIJKLM 996
[fs_gsys] : aABCDEFGHIJKLM 995
[fs_gsys] : `ABCDEFGHIJKLM 994
[fs_gsys] : _ABCDEFGHIJKLM 993
[fs_gsys] : ^ABCDEFGHIJKLM 992
[fs_gsys] : ]ABCDEFGHIJKLM 991
[fs_gsys] : \ABCDEFGHIJKLM 990
[fs_gsys] : [ABCDEFGHIJKLM 989
[fs_gsys] : ZABCDEFGHIJKLM 988
[fs_gsys] : YABCDEFGHIJKLM 987
[fs_gsys] : XABCDEFGHIJKLM 986
[fs_gsys] : WABCDEFGHIJKLM 985
[fs_gsys] : VABCDEFGHIJKLM 984
[fs_gsys] : UABCDEFGHIJKLM 983
[fs_gsys] : TABCDEFGHIJKLM 982
[fs_gsys] : SABCDEFGHIJKLM 981
[fs_gsys] : RABCDEFGHIJKLM 980
[fs_gsys] : QABCDEFGHIJKLM 979
[fs_gsys] : PABCDEFGHIJKLM 978
[fs_gsys] : OABCDEFGHIJKLM 977
[fs_gsys] : NABCDEFGHIJKLM 976
[fs_gsys] : MABCDEFGHIJKLM 975
[fs_gsys] : LABCDEFGHIJKLM 974
[fs_gsys] : KABCDEFGHIJKLM 973
[fs_gsys] : JABCDEFGHIJKLM 972
[fs_gsys] : IABCDEFGHIJKLM 971
[fs_gsys] : HABCDEFGHIJKLM 970
[fs_gsys] : GABCDEFGHIJKLM 969
[fs_gsys] : FABCDEFGHIJKLM 968
[fs_gsys] : EABCDEFGHIJKLM 967
[fs_gsys] : DABCDEFGHIJKLM 966
[fs_gsys] : CABCDEFGHIJKLM 965
[fs_gsys] : BABCDEFGHIJKLM 964
[fs_gsys] : AABCDEFGHIJKLM 963
[fs_gsys] : @ABCDEFGHIJKLM 962
[fs_gsys] : ?ABCDEFGHIJKLM 961
[fs_gsys] : >ABCDEFGHIJKLM 960
[fs_gsys] : =ABCDEFGHIJKLM 959
[fs_gsys] : <ABCDEFGHIJKLM 958
[fs_gsys] : ;ABCDEFGHIJKLM 957
[fs_gsys] : :ABCDEFGHIJKLM 956
[fs_gsys] : 9ABCDEFGHIJKLM 955
[fs_gsys] : 8ABCDEFGHIJKLM 954
[fs_gsys] : 7ABCDEFGHIJKLM 953
[fs_gsys] : 6ABCDEFGHIJKLM 952
[fs_gsys] : 5ABCDEFGHIJKLM 951
[fs_gsys] : 4ABCDEFGHIJKLM 950
[fs_gsys] : 3ABCDEFGHIJKLM 949
[fs_gsys] : 2ABCDEFGHIJKLM 948
[fs_gsys] : ~ABCDEFGHIJKL 947
[fs_gsys] : }ABCDEFGHIJKL 946
[fs_gsys] : |ABCDEFGHIJKL 945
[fs_gsys] : {ABCDEFGHIJKL 944
[fs_gsys] : zABCDEFGHIJKL 943
[fs_gsys] : yABCDEFGHIJKL 942
[fs_gsys] : xABCDEFGHIJKL 941
[fs_gsys] : wABCDEFGHIJKL 940
[fs_gsys] : vABCDEFGHIJKL 939
[fs_gsys] : uABCDEFGHIJKL 938
[fs_gsys] : tABCDEFGHIJKL 937
[fs_gsys] : sABCDEFGHIJKL 936
[fs_gsys] : rABCDEFGHIJKL 935
[fs_gsys] : qABCDEFGHIJKL 934
[fs_gsys] : pABCDEFGHIJKL 933
[fs_gsys] : oABCDEFGHIJKL 932
[fs_gsys] : nABCDEFGHIJKL 931
[fs_gsys] : mABCDEFGHIJKL 930
[fs_gsys] : lABCDEFGHIJKL 929
[fs_gsys] : kABCDEFGHIJKL 928
[fs_gsys] : jABCDEFGHIJKL 927
[fs_gsys] : iABCDEFGHIJKL 926
[fs_gsys] : hABCDEFGHIJKL 925
[fs_gsys] : gABCDEFGHIJKL 924
[fs_gsys] : fABCDEFGHIJKL 923
[fs_gsys] : eABCDEFGHIJKL 922
[fs_gsys] : dABCDEFGHIJKL 921
[fs_gsys] : cABCDEFGHIJKL 920
[fs_gsys] : bABCDEFGHIJKL 919
[fs_gsys] : aABCDEFGHIJKL 918
[fs_gsys] : `ABCDEFGHIJKL 917
[fs_gsys] : _ABCDEFGHIJKL 916
[fs_gsys] : ^ABCDEFGHIJKL 915
[fs_gsys] : ]ABCDEFGHIJKL 914
[fs_gsys] : \ABCDEFGHIJKL 913
[fs_gsys] : [ABCDEFGHIJKL 912
[fs_gsys] : ZABCDEFGHIJKL 911
[fs_gsys] : YABCDEFGHIJKL 910
[fs_gsys] : XABCDEFGHIJKL 909
[fs_gsys] : WABCDEFGHIJKL 908
[fs_gsys] : VABCDEFGHIJKL 907
[fs_gsys] : UABCDEFGHIJKL 906
[fs_gsys] : TABCDEFGHIJKL 905
[fs_gsys] : SABCDEFGHIJKL 904
[fs_gsys] : RABCDEFGHIJKL 903
[fs_gsys] : QABCDEFGHIJKL 902
[fs_gsys] : PABCDEFGHIJKL 901
[fs_gsys] : OABCDEFGHIJKL 900
[fs_gsys] : NABCDEFGHIJKL 899
[fs_gsys] : MABCDEFGHIJKL 898
[fs_gsys] : LABCDEFGHIJKL 897
[fs_gsys] : KABCDEFGHIJKL 896
[fs_gsys] : JABCDEFGHIJKL 895
[fs_gsys] : IABCDEFGHIJKL 894
[fs_gsys] : HABCDEFGHIJKL 893
[fs_gsys] : GABCDEFGHIJKL 892
[fs_gsys] : FABCDEFGHIJKL 891
[fs_gsys] : EABCDEFGHIJKL 890
[fs_gsys] : DABCDEFGHIJKL 889
[fs_gsys] : CABCDEFGHIJKL 888
[fs_gsys] : BABCDEFGHIJKL 887
[fs_gsys] : AABCDEFGHIJKL 886
[fs_gsys] : @ABCDEFGHIJKL 885
[fs_gsys] : ?ABCDEFGHIJKL 884
[fs_gsys] : >ABCDEFGHIJKL 883
[fs_gsys] : =ABCDEFGHIJKL 882
[fs_gsys] : <ABCDEFGHIJKL 881
[fs_gsys] : ;ABCDEFGHIJKL 880
[fs_gsys] : :ABCDEFGHIJKL 879
[fs_gsys] : 9ABCDEFGHIJKL 878
[fs_gsys] : 8ABCDEFGHIJKL 877
[fs_gsys] : 7ABCDEFGHIJKL 876
[fs_gsys] : 6ABCDEFGHIJKL 875
[fs_gsys] : 5ABCDEFGHIJKL 874
[fs_gsys] : 4ABCDEFGHIJKL 873
[fs_gsys] : 3ABCDEFGHIJKL 872
[fs_gsys] : 2ABCDEFGHIJKL 871
[fs_gsys] : ~ABCDEFGHIJK 870
[fs_gsys] : }ABCDEFGHIJK 869
[fs_gsys] : |ABCDEFGHIJK 868
[fs_gsys] : {ABCDEFGHIJK 867
[fs_gsys] : zABCDEFGHIJK 866
[fs_gsys] : yABCDEFGHIJK 865
[fs_gsys] : xABCDEFGHIJK 864
[fs_gsys] : wABCDEFGHIJK 863
[fs_gsys] : vABCDEFGHIJK 862
[fs_gsys] : uABCDEFGHIJK 861
[fs_gsys] : tABCDEFGHIJK 860
[fs_gsys] : sABCDEFGHIJK 859
[fs_gsys] : rABCDEFGHIJK 858
[fs_gsys] : qABCDEFGHIJK 857
[fs_gsys] : pABCDEFGHIJK 856
[fs_gsys] : oABCDEFGHIJK 855
[fs_gsys] : nABCDEFGHIJK 854
[fs_gsys] : mABCDEFGHIJK 853
[fs_gsys] : lABCDEFGHIJK 852
[fs_gsys] : kABCDEFGHIJK 851
[fs_gsys] : jABCDEFGHIJK 850
[fs_gsys] : iABCDEFGHIJK 849
[fs_gsys] : hABCDEFGHIJK 848
[fs_gsys] : gABCDEFGHIJK 847
[fs_gsys] : fABCDEFGHIJK 846
[fs_gsys] : eABCDEFGHIJK 845
[fs_gsys] : dABCDEFGHIJK 844
[fs_gsys] : cABCDEFGHIJK 843
[fs_gsys] : bABCDEFGHIJK 842
[fs_gsys] : aABCDEFGHIJK 841
[fs_gsys] : `ABCDEFGHIJK 840
[fs_gsys] : _ABCDEFGHIJK 839
[fs_gsys] : ^ABCDEFGHIJK 838
[fs_gsys] : ]ABCDEFGHIJK 837
[fs_gsys] : \ABCDEFGHIJK 836
[fs_gsys] : [ABCDEFGHIJK 835
[fs_gsys] : ZABCDEFGHIJK 834
[fs_gsys] : YABCDEFGHIJK 833
[fs_gsys] : XABCDEFGHIJK 832
[fs_gsys] : WABCDEFGHIJK 831
[fs_gsys] : VABCDEFGHIJK 830
[fs_gsys] : UABCDEFGHIJK 829
[fs_gsys] : TABCDEFGHIJK 828
[fs_gsys] : SABCDEFGHIJK 827
[fs_gsys] : RABCDEFGHIJK 826
[fs_gsys] : QABCDEFGHIJK 825
[fs_gsys] : PABCDEFGHIJK 824
[fs_gsys] : OABCDEFGHIJK 823
[fs_gsys] : NABCDEFGHIJK 822
[fs_gsys] : MABCDEFGHIJK 821
[fs_gsys] : LABCDEFGHIJK 820
[fs_gsys] : KABCDEFGHIJK 819
[fs_gsys] : JABCDEFGHIJK 818
[fs_gsys] : IABCDEFGHIJK 817
[fs_gsys] : HABCDEFGHIJK 816
[fs_gsys] : GABCDEFGHIJK 815
[fs_gsys] : FABCDEFGHIJK 814
[fs_gsys] : EABCDEFGHIJK 813
[fs_gsys] : DABCDEFGHIJK 812
[fs_gsys] : CABCDEFGHIJK 811
[fs_gsys] : BABCDEFGHIJK 810
[fs_gsys] : AABCDEFGHIJK 809
[fs_gsys] : @ABCDEFGHIJK 808
[fs_gsys] : ?ABCDEFGHIJK 807
[fs_gsys] : >ABCDEFGHIJK 806
[fs_gsys] : =ABCDEFGHIJK 805
[fs_gsys] : <ABCDEFGHIJK 804
[fs_gsys] : ;ABCDEFGHIJK 803
[fs_gsys] : :ABCDEFGHIJK 802
[fs_gsys] : 9ABCDEFGHIJK 801
[fs_gsys] : 8ABCDEFGHIJK 800
[fs_gsys] : 7ABCDEFGHIJK 799
[fs_gsys] : 6ABCDEFGHIJK 798
[fs_gsys] : 5ABCDEFGHIJK 797
[fs_gsys] : 4ABCDEFGHIJK 796
[fs_gsys] : 3ABCDEFGHIJK 795
[fs_gsys] : 2ABCDEFGHIJK 794
[fs_gsys] : ~ABCDEFGHIJ 793
[fs_gsys] : }ABCDEFGHIJ 792
[fs_gsys] : |ABCDEFGHIJ 791
[fs_gsys] : {ABCDEFGHIJ 790
[fs_gsys] : zABCDEFGHIJ 789
[fs_gsys] : yABCDEFGHIJ 788
[fs_gsys] : xABCDEFGHIJ 787
[fs_gsys] : wABCDEFGHIJ 786
[fs_gsys] : vABCDEFGHIJ 785
[fs_gsys] : uABCDEFGHIJ 784
[fs_gsys] : tABCDEFGHIJ 783
[fs_gsys] : sABCDEFGHIJ 782
[fs_gsys] : rABCDEFGHIJ 781
[fs_gsys] : qABCDEFGHIJ 780
[fs_gsys] : pABCDEFGHIJ 779
[fs_gsys] : oABCDEFGHIJ 778
[fs_gsys] : nABCDEFGHIJ 777
[fs_gsys] : mABCDEFGHIJ 776
[fs_gsys] : lABCDEFGHIJ 775
[fs_gsys] : kABCDEFGHIJ 774
[fs_gsys] : jABCDEFGHIJ 773
[fs_gsys] : iABCDEFGHIJ 772
[fs_gsys] : hABCDEFGHIJ 771
[fs_gsys] : gABCDEFGHIJ 770
[fs_gsys] : fABCDEFGHIJ 769
[fs_gsys] : eABCDEFGHIJ 768
[fs_gsys] : dABCDEFGHIJ 767
[fs_gsys] : cABCDEFGHIJ 766
[fs_gsys] : bABCDEFGHIJ 765
[fs_gsys] : aABCDEFGHIJ 764
[fs_gsys] : `ABCDEFGHIJ 763
[fs_gsys] : _ABCDEFGHIJ 762
[fs_gsys] : ^ABCDEFGHIJ 761
[fs_gsys] : ]ABCDEFGHIJ 760
[fs_gsys] : \ABCDEFGHIJ 759
[fs_gsys] : [ABCDEFGHIJ 758
[fs_gsys] : ZABCDEFGHIJ 757
[fs_gsys] : YABCDEFGHIJ 756
[fs_gsys] : XABCDEFGHIJ 755
[fs_gsys] : WABCDEFGHIJ 754
[fs_gsys] : VABCDEFGHIJ 753
[fs_gsys] : UABCDEFGHIJ 752
[fs_gsys] : TABCDEFGHIJ 751
[fs_gsys] : SABCDEFGHIJ 750
[fs_gsys] : RABCDEFGHIJ 749
[fs_gsys] : QABCDEFGHIJ 748
[fs_gsys] : PABCDEFGHIJ 747
[fs_gsys] : OABCDEFGHIJ 746
[fs_gsys] : NABCDEFGHIJ 745
[fs_gsys] : MABCDEFGHIJ 744
[fs_gsys] : LABCDEFGHIJ 743
[fs_gsys] : KABCDEFGHIJ 742
[fs_gsys] : JABCDEFGHIJ 741
[fs_gsys] : IABCDEFGHIJ 740
[fs_gsys] : HABCDEFGHIJ 739
[fs_gsys] : GABCDEFGHIJ 738
[fs_gsys] : FABCDEFGHIJ 737
[fs_gsys] : EABCDEFGHIJ 736
[fs_gsys] : DABCDEFGHIJ 735
[fs_gsys] : CABCDEFGHIJ 734
[fs_gsys] : BABCDEFGHIJ 733
[fs_gsys] : AABCDEFGHIJ 732
[fs_gsys] : @ABCDEFGHIJ 731
[fs_gsys] : ?ABCDEFGHIJ 730
[fs_gsys] : >ABCDEFGHIJ 729
[fs_gsys] : =ABCDEFGHIJ 728
[fs_gsys] : <ABCDEFGHIJ 727
[fs_gsys] : ;ABCDEFGHIJ 726
[fs_gsys] : :ABCDEFGHIJ 725
[fs_gsys] : 9ABCDEFGHIJ 724
[fs_gsys] : 8ABCDEFGHIJ 723
[fs_gsys] : 7ABCDEFGHIJ 722
[fs_gsys] : 6ABCDEFGHIJ 721
[fs_gsys] : 5ABCDEFGHIJ 720
[fs_gsys] : 4ABCDEFGHIJ 719
[fs_gsys] : 3ABCDEFGHIJ 718
[fs_gsys] : 2ABCDEFGHIJ 717
[fs_gsys] : ~ABCDEFGHI 716
[fs_gsys] : }ABCDEFGHI 715
[fs_gsys] : |ABCDEFGHI 714
[fs_gsys] : {ABCDEFGHI 713
[fs_gsys] : zABCDEFGHI 712
[fs_gsys] : yABCDEFGHI 711
[fs_gsys] : xABCDEFGHI 710
[fs_gsys] : wABCDEFGHI 709
[fs_gsys] : vABCDEFGHI 708
[fs_gsys] : uABCDEFGHI 707
[fs_gsys] : tABCDEFGHI 706
[fs_gsys] : sABCDEFGHI 705
[fs_gsys] : rABCDEFGHI 704
[fs_gsys] : qABCDEFGHI 703
[fs_gsys] : pABCDEFGHI 702
[fs_gsys] : oABCDEFGHI 701
[fs_gsys] : nABCDEFGHI 700
[fs_gsys] : mABCDEFGHI 699
[fs_gsys] : lABCDEFGHI 698
[fs_gsys] : kABCDEFGHI 697
[fs_gsys] : jABCDEFGHI 696
[fs_gsys] : iABCDEFGHI 695
[fs_gsys] : hABCDEFGHI 694
[fs_gsys] : gABCDEFGHI 693
[fs_gsys] : fABCDEFGHI 692
[fs_gsys] : eABCDEFGHI 691
[fs_gsys] : dABCDEFGHI 690
[fs_gsys] : cABCDEFGHI 689
[fs_gsys] : bABCDEFGHI 688
[fs_gsys] : aABCDEFGHI 687
[fs_gsys] : `ABCDEFGHI 686
[fs_gsys] : _ABCDEFGHI 685
[fs_gsys] : ^ABCDEFGHI 684
[fs_gsys] : ]ABCDEFGHI 683
[fs_gsys] : \ABCDEFGHI 682
[fs_gsys] : [ABCDEFGHI 681
[fs_gsys] : ZABCDEFGHI 680
[fs_gsys] : YABCDEFGHI 679
[fs_gsys] : XABCDEFGHI 678
[fs_gsys] : WABCDEFGHI 677
[fs_gsys] : VABCDEFGHI 676
[fs_gsys] : UABCDEFGHI 675
[fs_gsys] : TABCDEFGHI 674
[fs_gsys] : SABCDEFGHI 673
[fs_gsys] : RABCDEFGHI 672
[fs_gsys] : QABCDEFGHI 671
[fs_gsys] : PABCDEFGHI 670
[fs_gsys] : OABCDEFGHI 669
[fs_gsys] : NABCDEFGHI 668
[fs_gsys] : MABCDEFGHI 667
[fs_gsys] : LABCDEFGHI 666
[fs_gsys] : KABCDEFGHI 665
[fs_gsys] : JABCDEFGHI 664
[fs_gsys] : IABCDEFGHI 663
[fs_gsys] : HABCDEFGHI 662
[fs_gsys] : GABCDEFGHI 661
[fs_gsys] : FABCDEFGHI 660
[fs_gsys] : EABCDEFGHI 659
[fs_gsys] : DABCDEFGHI 658
[fs_gsys] : CABCDEFGHI 657
[fs_gsys] : BABCDEFGHI 656
[fs_gsys] : AABCDEFGHI 655
[fs_gsys] : @ABCDEFGHI 654
[fs_gsys] : ?ABCDEFGHI 653
[fs_gsys] : >ABCDEFGHI 652
[fs_gsys] : =ABCDEFGHI 651
[fs_gsys] : <ABCDEFGHI 650
[fs_gsys] : ;ABCDEFGHI 649
[fs_gsys] : :ABCDEFGHI 648
[fs_gsys] : 9ABCDEFGHI 647
[fs_gsys] : 8ABCDEFGHI 646
[fs_gsys] : 7ABCDEFGHI 645
[fs_gsys] : 6ABCDEFGHI 644
[fs_gsys] : 5ABCDEFGHI 643
[fs_gsys] : 4ABCDEFGHI 642
[fs_gsys] : 3ABCDEFGHI 641
[fs_gsys] : 2ABCDEFGHI 640
[fs_gsys] : ~ABCDEFGH 639
[fs_gsys] : }ABCDEFGH 638
[fs_gsys] : |ABCDEFGH 637
[fs_gsys] : {ABCDEFGH 636
[fs_gsys] : zABCDEFGH 635
[fs_gsys] : yABCDEFGH 634
[fs_gsys] : xABCDEFGH 633
[fs_gsys] : wABCDEFGH 632
[fs_gsys] : vABCDEFGH 631
[fs_gsys] : uABCDEFGH 630
[fs_gsys] : tABCDEFGH 629
[fs_gsys] : sABCDEFGH 628
[fs_gsys] : rABCDEFGH 627
[fs_gsys] : qABCDEFGH 626
[fs_gsys] : pABCDEFGH 625
[fs_gsys] : oABCDEFGH 624
[fs_gsys] : nABCDEFGH 623
[fs_gsys] : mABCDEFGH 622
[fs_gsys] : lABCDEFGH 621
[fs_gsys] : kABCDEFGH 620
[fs_gsys] : jABCDEFGH 619
[fs_gsys] : iABCDEFGH 618
[fs_gsys] : hABCDEFGH 617
[fs_gsys] : gABCDEFGH 616
[fs_gsys] : fABCDEFGH 615
[fs_gsys] : eABCDEFGH 614
[fs_gsys] : dABCDEFGH 613
[fs_gsys] : cABCDEFGH 612
[fs_gsys] : bABCDEFGH 611
[fs_gsys] : aABCDEFGH 610
[fs_gsys] : `ABCDEFGH 609
[fs_gsys] : _ABCDEFGH 608
[fs_gsys] : ^ABCDEFGH 607
[fs_gsys] : ]ABCDEFGH 606
[fs_gsys] : \ABCDEFGH 605
[fs_gsys] : [ABCDEFGH 604
[fs_gsys] : ZABCDEFGH 603
[fs_gsys] : YABCDEFGH 602
[fs_gsys] : XABCDEFGH 601
[fs_gsys] : WABCDEFGH 600
[fs_gsys] : VABCDEFGH 599
[fs_gsys] : UABCDEFGH 598
[fs_gsys] : TABCDEFGH 597
[fs_gsys] : SABCDEFGH 596
[fs_gsys] : RABCDEFGH 595
[fs_gsys] : QABCDEFGH 594
[fs_gsys] : PABCDEFGH 593
[fs_gsys] : OABCDEFGH 592
[fs_gsys] : NABCDEFGH 591
[fs_gsys] : MABCDEFGH 590
[fs_gsys] : LABCDEFGH 589
[fs_gsys] : KABCDEFGH 588
[fs_gsys] : JABCDEFGH 587
[fs_gsys] : IABCDEFGH 586
[fs_gsys] : HABCDEFGH 585
[fs_gsys] : GABCDEFGH 584
[fs_gsys] : FABCDEFGH 583
[fs_gsys] : EABCDEFGH 582
[fs_gsys] : DABCDEFGH 581
[fs_gsys] : CABCDEFGH 580
[fs_gsys] : BABCDEFGH 579
[fs_gsys] : AABCDEFGH 578
[fs_gsys] : @ABCDEFGH 577
[fs_gsys] : ?ABCDEFGH 576
[fs_gsys] : >ABCDEFGH 575
[fs_gsys] : =ABCDEFGH 574
[fs_gsys] : <ABCDEFGH 573
[fs_gsys] : ;ABCDEFGH 572
[fs_gsys] : :ABCDEFGH 571
[fs_gsys] : 9ABCDEFGH 570
[fs_gsys] : 8ABCDEFGH 569
[fs_gsys] : 7ABCDEFGH 568
[fs_gsys] : 6ABCDEFGH 567
[fs_gsys] : 5ABCDEFGH 566
[fs_gsys] : 4ABCDEFGH 565
[fs_gsys] : 3ABCDEFGH 564
[fs_gsys] : 2ABCDEFGH 563
[fs_gsys] : ~ABCDEFG 562
[fs_gsys] : }ABCDEFG 561
[fs_gsys] : |ABCDEFG 560
[fs_gsys] : {ABCDEFG 559
[fs_gsys] : zABCDEFG 558
[fs_gsys] : yABCDEFG 557
[fs_gsys] : xABCDEFG 556
[fs_gsys] : wABCDEFG 555
[fs_gsys] : vABCDEFG 554
[fs_gsys] : uABCDEFG 553
[fs_gsys] : tABCDEFG 552
[fs_gsys] : sABCDEFG 551
[fs_gsys] : rABCDEFG 550
[fs_gsys] : qABCDEFG 549
[fs_gsys] : pABCDEFG 548
[fs_gsys] : oABCDEFG 547
[fs_gsys] : nABCDEFG 546
[fs_gsys] : mABCDEFG 545
[fs_gsys] : lABCDEFG 544
[fs_gsys] : kABCDEFG 543
[fs_gsys] : jABCDEFG 542
[fs_gsys] : iABCDEFG 541
[fs_gsys] : hABCDEFG 540
[fs_gsys] : gABCDEFG 539
[fs_gsys] : fABCDEFG 538
[fs_gsys] : eABCDEFG 537
[fs_gsys] : dABCDEFG 536
[fs_gsys] : cABCDEFG 535
[fs_gsys] : bABCDEFG 534
[fs_gsys] : aABCDEFG 533
[fs_gsys] : `ABCDEFG 532
[fs_gsys] : _ABCDEFG 531
[fs_gsys] : ^ABCDEFG 530
[fs_gsys] : ]ABCDEFG 529
[fs_gsys] : \ABCDEFG 528
[fs_gsys] : [ABCDEFG 527
[fs_gsys] : ZABCDEFG 526
[fs_gsys] : YABCDEFG 525
[fs_gsys] : XABCDEFG 524
[fs_gsys] : WABCDEFG 523
[fs_gsys] : VABCDEFG 522
[fs_gsys] : UABCDEFG 521
[fs_gsys] : TABCDEFG 520
[fs_gsys] : SABCDEFG 519
[fs_gsys] : RABCDEFG 518
[fs_gsys] : QABCDEFG 517
[fs_gsys] : PABCDEFG 516
[fs_gsys] : OABCDEFG 515
[fs_gsys] : NABCDEFG 514
[fs_gsys] : MABCDEFG 513
[fs_gsys] : LABCDEFG 512
[fs_gsys] : KABCDEFG 511
[fs_gsys] : JABCDEFG 510
[fs_gsys] : IABCDEFG 509
[fs_gsys] : HABCDEFG 508
[fs_gsys] : GABCDEFG 507
[fs_gsys] : FABCDEFG 506
[fs_gsys] : EABCDEFG 505
[fs_gsys] : DABCDEFG 504
[fs_gsys] : CABCDEFG 503
[fs_gsys] : BABCDEFG 502
[fs_gsys] : AABCDEFG 501
[fs_gsys] : @ABCDEFG 500
[fs_gsys] : ?ABCDEFG 499
[fs_gsys] : >ABCDEFG 498
[fs_gsys] : =ABCDEFG 497
[fs_gsys] : <ABCDEFG 496
[fs_gsys] : ;ABCDEFG 495
[fs_gsys] : :ABCDEFG 494
[fs_gsys] : 9ABCDEFG 493
[fs_gsys] : 8ABCDEFG 492
[fs_gsys] : 7ABCDEFG 491
[fs_gsys] : 6ABCDEFG 490
[fs_gsys] : 5ABCDEFG 489
[fs_gsys] : 4ABCDEFG 488
[fs_gsys] : 3ABCDEFG 487
[fs_gsys] : 2ABCDEFG 486
[fs_gsys] : ~ABCDEF 485
[fs_gsys] : }ABCDEF 484
[fs_gsys] : |ABCDEF 483
[fs_gsys] : {ABCDEF 482
[fs_gsys] : zABCDEF 481
[fs_gsys] : yABCDEF 480
[fs_gsys] : xABCDEF 479
[fs_gsys] : wABCDEF 478
[fs_gsys] : vABCDEF 477
[fs_gsys] : uABCDEF 476
[fs_gsys] : tABCDEF 475
[fs_gsys] : sABCDEF 474
[fs_gsys] : rABCDEF 473
[fs_gsys] : qABCDEF 472
[fs_gsys] : pABCDEF 471
[fs_gsys] : oABCDEF 470
[fs_gsys] : nABCDEF 469
[fs_gsys] : mABCDEF 468
[fs_gsys] : lABCDEF 467
[fs_gsys] : kABCDEF 466
[fs_gsys] : jABCDEF 465
[fs_gsys] : iABCDEF 464
[fs_gsys] : hABCDEF 463
[fs_gsys] : gABCDEF 462
[fs_gsys] : fABCDEF 461
[fs_gsys] : eABCDEF 460
[fs_gsys] : dABCDEF 459
[fs_gsys] : cABCDEF 458
[fs_gsys] : bABCDEF 457
[fs_gsys] : aABCDEF 456
[fs_gsys] : `ABCDEF 455
[fs_gsys] : _ABCDEF 454
[fs_gsys] : ^ABCDEF 453
[fs_gsys] : ]ABCDEF 452
[fs_gsys] : \ABCDEF 451
[fs_gsys] : [ABCDEF 450
[fs_gsys] : ZABCDEF 449
[fs_gsys] : YABCDEF 448
[fs_gsys] : XABCDEF 447
[fs_gsys] : WABCDEF 446
[fs_gsys] : VABCDEF 445
[fs_gsys] : UABCDEF 444
[fs_gsys] : TABCDEF 443
[fs_gsys] : SABCDEF 442
[fs_gsys] : RABCDEF 441
[fs_gsys] : QABCDEF 440
[fs_gsys] : PABCDEF 439
[fs_gsys] : OABCDEF 438
[fs_gsys] : NABCDEF 437
[fs_gsys] : MABCDEF 436
[fs_gsys] : LABCDEF 435
[fs_gsys] : KABCDEF 434
[fs_gsys] : JABCDEF 433
[fs_gsys] : IABCDEF 432
[fs_gsys] : HABCDEF 431
[fs_gsys] : GABCDEF 430
[fs_gsys] : FABCDEF 429
[fs_gsys] : EABCDEF 428
[fs_gsys] : DABCDEF 427
[fs_gsys] : CABCDEF 426
[fs_gsys] : BABCDEF 425
[fs_gsys] : AABCDEF 424
[fs_gsys] : @ABCDEF 423
[fs_gsys] : ?ABCDEF 422
[fs_gsys] : >ABCDEF 421
[fs_gsys] : =ABCDEF 420
[fs_gsys] : <ABCDEF 419
[fs_gsys] : ;ABCDEF 418
[fs_gsys] : :ABCDEF 417
[fs_gsys] : 9ABCDEF 416
[fs_gsys] : 8ABCDEF 415
[fs_gsys] : 7ABCDEF 414
[fs_gsys] : 6ABCDEF 413
[fs_gsys] : 5ABCDEF 412
[fs_gsys] : 4ABCDEF 411
[fs_gsys] : 3ABCDEF 410
[fs_gsys] : 2ABCDEF 409
[fs_gsys] : ~ABCDE 408
[fs_gsys] : }ABCDE 407
[fs_gsys] : |ABCDE 406
[fs_gsys] : {ABCDE 405
[fs_gsys] : zABCDE 404
[fs_gsys] : yABCDE 403
[fs_gsys] : xABCDE 402
[fs_gsys] : wABCDE 401
[fs_gsys] : vABCDE 400
[fs_gsys] : uABCDE 399
[fs_gsys] : tABCDE 398
[fs_gsys] : sABCDE 397
[fs_gsys] : rABCDE 396
[fs_gsys] : qABCDE 395
[fs_gsys] : pABCDE 394
[fs_gsys] : oABCDE 393
[fs_gsys] : nABCDE 392
[fs_gsys] : mABCDE 391
[fs_gsys] : lABCDE 390
[fs_gsys] : kABCDE 389
[fs_gsys] : jABCDE 388
[fs_gsys] : iABCDE 387
[fs_gsys] : hABCDE 386
[fs_gsys] : gABCDE 385
[fs_gsys] : fABCDE 384
[fs_gsys] : eABCDE 383
[fs_gsys] : dABCDE 382
[fs_gsys] : cABCDE 381
[fs_gsys] : bABCDE 380
[fs_gsys] : aABCDE 379
[fs_gsys] : `ABCDE 378
[fs_gsys] : _ABCDE 377
[fs_gsys] : ^ABCDE 376
[fs_gsys] : ]ABCDE 375
[fs_gsys] : \ABCDE 374
[fs_gsys] : [ABCDE 373
[fs_gsys] : ZABCDE 372
[fs_gsys] : YABCDE 371
[fs_gsys] : XABCDE 370
[fs_gsys] : WABCDE 369
[fs_gsys] : VABCDE 368
[fs_gsys] : UABCDE 367
[fs_gsys] : TABCDE 366
[fs_gsys] : SABCDE 365
[fs_gsys] : RABCDE 364
[fs_gsys] : QABCDE 363
[fs_gsys] : PABCDE 362
[fs_gsys] : OABCDE 361
[fs_gsys] : NABCDE 360
[fs_gsys] : MABCDE 359
[fs_gsys] : LABCDE 358
[fs_gsys] : KABCDE 357
[fs_gsys] : JABCDE 356
[fs_gsys] : IABCDE 355
[fs_gsys] : HABCDE 354
[fs_gsys] : GABCDE 353
[fs_gsys] : FABCDE 352
[fs_gsys] : EABCDE 351
[fs_gsys] : DABCDE 350
[fs_gsys] : CABCDE 349
[fs_gsys] : BABCDE 348
[fs_gsys] : AABCDE 347
[fs_gsys] : @ABCDE 346
[fs_gsys] : ?ABCDE 345
[fs_gsys] : >ABCDE 344
[fs_gsys] : =ABCDE 343
[fs_gsys] : <ABCDE 342
[fs_gsys] : ;ABCDE 341
[fs_gsys] : :ABCDE 340
[fs_gsys] : 9ABCDE 339
[fs_gsys] : 8ABCDE 338
[fs_gsys] : 7ABCDE 337
[fs_gsys] : 6ABCDE 336
[fs_gsys] : 5ABCDE 335
[fs_gsys] : 4ABCDE 334
[fs_gsys] : 3ABCDE 333
[fs_gsys] : 2ABCDE 332
[fs_gsys] : ~ABCD 331
[fs_gsys] : }ABCD 330
[fs_gsys] : |ABCD 329
[fs_gsys] : {ABCD 328
[fs_gsys] : zABCD 327
[fs_gsys] : yABCD 326
[fs_gsys] : xABCD 325
[fs_gsys] : wABCD 324
[fs_gsys] : vABCD 323
[fs_gsys] : uABCD 322
[fs_gsys] : tABCD 321
[fs_gsys] : sABCD 320
[fs_gsys] : rABCD 319
[fs_gsys] : qABCD 318
[fs_gsys] : pABCD 317
[fs_gsys] : oABCD 316
[fs_gsys] : nABCD 315
[fs_gsys] : mABCD 314
[fs_gsys] : lABCD 313
[fs_gsys] : kABCD 312
[fs_gsys] : jABCD 311
[fs_gsys] : iABCD 310
[fs_gsys] : hABCD 309
[fs_gsys] : gABCD 308
[fs_gsys] : fABCD 307
[fs_gsys] : eABCD 306
[fs_gsys] : dABCD 305
[fs_gsys] : cABCD 304
[fs_gsys] : bABCD 303
[fs_gsys] : aABCD 302
[fs_gsys] : `ABCD 301
[fs_gsys] : _ABCD 300
[fs_gsys] : ^ABCD 299
[fs_gsys] : ]ABCD 298
[fs_gsys] : \ABCD 297
[fs_gsys] : [ABCD 296
[fs_gsys] : ZABCD 295
[fs_gsys] : YABCD 294
[fs_gsys] : XABCD 293
[fs_gsys] : WABCD 292
[fs_gsys] : VABCD 291
[fs_gsys] : UABCD 290
[fs_gsys] : TABCD 289
[fs_gsys] : SABCD 288
[fs_gsys] : RABCD 287
[fs_gsys] : QABCD 286
[fs_gsys] : PABCD 285
[fs_gsys] : OABCD 284
[fs_gsys] : NABCD 283
[fs_gsys] : MABCD 282
[fs_gsys] : LABCD 281
[fs_gsys] : KABCD 280
[fs_gsys] : JABCD 279
[fs_gsys] : IABCD 278
[fs_gsys] : HABCD 277
[fs_gsys] : GABCD 276
[fs_gsys] : FABCD 275
[fs_gsys] : EABCD 274
[fs_gsys] : DABCD 273
[fs_gsys] : CABCD 272
[fs_gsys] : BABCD 271
[fs_gsys] : AABCD 270
[fs_gsys] : @ABCD 269
[fs_gsys] : ?ABCD 268
[fs_gsys] : >ABCD 267
[fs_gsys] : =ABCD 266
[fs_gsys] : <ABCD 265
[fs_gsys] : ;ABCD 264
[fs_gsys] : :ABCD 263
[fs_gsys] : 9ABCD 262
[fs_gsys] : 8ABCD 261
[fs_gsys] : 7ABCD 260
[fs_gsys] : 6ABCD 259
[fs_gsys] : 5ABCD 258
[fs_gsys] : 4ABCD 257
[fs_gsys] : 3ABCD 256
[fs_gsys] : 2ABCD 255
[fs_gsys] : ~ABC 254
[fs_gsys] : }ABC 253
[fs_gsys] : |ABC 252
[fs_gsys] : {ABC 251
[fs_gsys] : zABC 250
[fs_gsys] : yABC 249
[fs_gsys] : xABC 248
[fs_gsys] : wABC 247
[fs_gsys] : vABC 246
[fs_gsys] : uABC 245
[fs_gsys] : tABC 244
[fs_gsys] : sABC 243
[fs_gsys] : rABC 242
[fs_gsys] : qABC 241
[fs_gsys] : pABC 240
[fs_gsys] : oABC 239
[fs_gsys] : nABC 238
[fs_gsys] : mABC 237
[fs_gsys] : lABC 236
[fs_gsys] : kABC 235
[fs_gsys] : jABC 234
[fs_gsys] : iABC 233
[fs_gsys] : hABC 232
[fs_gsys] : gABC 231
[fs_gsys] : fABC 230
[fs_gsys] : eABC 229
[fs_gsys] : dABC 228
[fs_gsys] : cABC 227
[fs_gsys] : bABC 226
[fs_gsys] : aABC 225
[fs_gsys] : `ABC 224
[fs_gsys] : _ABC 223
[fs_gsys] : ^ABC 222
[fs_gsys] : ]ABC 221
[fs_gsys] : \ABC 220
[fs_gsys] : [ABC 219
[fs_gsys] : ZABC 218
[fs_gsys] : YABC 217
[fs_gsys] : XABC 216
[fs_gsys] : WABC 215
[fs_gsys] : VABC 214
[fs_gsys] : UABC 213
[fs_gsys] : TABC 212
[fs_gsys] : SABC 211
[fs_gsys] : RABC 210
[fs_gsys] : QABC 209
[fs_gsys] : PABC 208
[fs_gsys] : OABC 207
[fs_gsys] : NABC 206
[fs_gsys] : MABC 205
[fs_gsys] : LABC 204
[fs_gsys] : KABC 203
[fs_gsys] : JABC 202
[fs_gsys] : IABC 201
[fs_gsys] : HABC 200
[fs_gsys] : GABC 199
[fs_gsys] : FABC 198
[fs_gsys] : EABC 197
[fs_gsys] : DABC 196
[fs_gsys] : CABC 195
[fs_gsys] : BABC 194
[fs_gsys] : AABC 193
[fs_gsys] : @ABC 192
[fs_gsys] : ?ABC 191
[fs_gsys] : >ABC 190
[fs_gsys] : =ABC 189
[fs_gsys] : <ABC 188
[fs_gsys] : ;ABC 187
[fs_gsys] : :ABC 186
[fs_gsys] : 9ABC 185
[fs_gsys] : 8ABC 184
[fs_gsys] : 7ABC 183
[fs_gsys] : 6ABC 182
[fs_gsys] : 5ABC 181
[fs_gsys] : 4ABC 180
[fs_gsys] : 3ABC 179
[fs_gsys] : 2ABC 178
[fs_gsys] : ~AB 177
[fs_gsys] : }AB 176
[fs_gsys] : |AB 175
[fs_gsys] : {AB 174
[fs_gsys] : zAB 173
[fs_gsys] : yAB 172
[fs_gsys] : xAB 171
[fs_gsys] : wAB 170
[fs_gsys] : vAB 169
[fs_gsys] : uAB 168
[fs_gsys] : tAB 167
[fs_gsys] : sAB 166
[fs_gsys] : rAB 165
[fs_gsys] : qAB 164
[fs_gsys] : pAB 163
[fs_gsys] : oAB 162
[fs_gsys] : nAB 161
[fs_gsys] : mAB 160
[fs_gsys] : lAB 159
[fs_gsys] : kAB 158
[fs_gsys] : jAB 157
[fs_gsys] : iAB 156
[fs_gsys] : hAB 155
[fs_gsys] : gAB 154
[fs_gsys] : fAB 153
[fs_gsys] : eAB 152
[fs_gsys] : dAB 151
[fs_gsys] : cAB 150
[fs_gsys] : bAB 149
[fs_gsys] : aAB 148
[fs_gsys] : `AB 147
[fs_gsys] : _AB 146
[fs_gsys] : ^AB 145
[fs_gsys] : ]AB 144
[fs_gsys] : \AB 143
[fs_gsys] : [AB 142
[fs_gsys] : ZAB 141
[fs_gsys] : YAB 140
[fs_gsys] : XAB 139
[fs_gsys] : WAB 138
[fs_gsys] : VAB 137
[fs_gsys] : UAB 136
[fs_gsys] : TAB 135
[fs_gsys] : SAB 134
[fs_gsys] : RAB 133
[fs_gsys] : QAB 132
[fs_gsys] : PAB 131
[fs_gsys] : OAB 130
[fs_gsys] : NAB 129
[fs_gsys] : MAB 128
[fs_gsys] : LAB 127
[fs_gsys] : KAB 126
[fs_gsys] : JAB 125
[fs_gsys] : IAB 124
[fs_gsys] : HAB 123
[fs_gsys] : GAB 122
[fs_gsys] : FAB 121
[fs_gsys] : EAB 120
[fs_gsys] : DAB 119
[fs_gsys] : CAB 118
[fs_gsys] : BAB 117
[fs_gsys] : AAB 116
[fs_gsys] : @AB 115
[fs_gsys] : ?AB 114
[fs_gsys] : >AB 113
[fs_gsys] : =AB 112
[fs_gsys] : <AB 111
[fs_gsys] : ;AB 110
[fs_gsys] : :AB 109
[fs_gsys] : 9AB 108
[fs_gsys] : 8AB 107
[fs_gsys] : 7AB 106
[fs_gsys] : 6AB 105
[fs_gsys] : 5AB 104
[fs_gsys] : 4AB 103
[fs_gsys] : 3AB 102
[fs_gsys] : 2AB 101
[fs_gsys] : ~A 100
[fs_gsys] : }A 99
[fs_gsys] : |A 98
[fs_gsys] : {A 97
[fs_gsys] : zA 96
[fs_gsys] : yA 95
[fs_gsys] : xA 94
[fs_gsys] : wA 93
[fs_gsys] : vA 92
[fs_gsys] : uA 91
[fs_gsys] : tA 90
[fs_gsys] : sA 89
[fs_gsys] : rA 88
[fs_gsys] : qA 87
[fs_gsys] : pA 86
[fs_gsys] : oA 85
[fs_gsys] : nA 84
[fs_gsys] : mA 83
[fs_gsys] : lA 82
[fs_gsys] : kA 81
[fs_gsys] : jA 80
[fs_gsys] : iA 79
[fs_gsys] : hA 78
[fs_gsys] : gA 77
[fs_gsys] : fA 76
[fs_gsys] : eA 75
[fs_gsys] : dA 74
[fs_gsys] : cA 73
[fs_gsys] : bA 72
[fs_gsys] : aA 71
[fs_gsys] : `A 70
[fs_gsys] : _A 69
[fs_gsys] : ^A 68
[fs_gsys] : ]A 67
[fs_gsys] : \A 66
[fs_gsys] : [A 65
[fs_gsys] : ZA 64
[fs_gsys] : YA 63
[fs_gsys] : XA 62
[fs_gsys] : WA 61
[fs_gsys] : VA 60
[fs_gsys] : UA 59
[fs_gsys] : TA 58
[fs_gsys] : SA 57
[fs_gsys] : RA 56
[fs_gsys] : QA 55
[fs_gsys] : PA 54
[fs_gsys] : OA 53
[fs_gsys] : NA 52
[fs_gsys] : MA 51
[fs_gsys] : LA 50
[fs_gsys] : KA 49
[fs_gsys] : JA 48
[fs_gsys] : IA 47
[fs_gsys] : HA 46
[fs_gsys] : GA 45
[fs_gsys] : FA 44
[fs_gsys] : DA 42
[fs_gsys] : CA 41
[fs_gsys] : BA 40
[fs_gsys] : AA 39
[fs_gsys] : @A 38
[fs_gsys] : ?A 37
[fs_gsys] : >A 36
[fs_gsys] : =A 35
[fs_gsys] : <A 34
[fs_gsys] : *ABCDEFGHIJKLMNOPQR 33
[fs_gsys] : ;A 33
[fs_gsys] : )ABCDEFGHIJKLMNOPQR 32
[fs_gsys] : :A 32
[fs_gsys] : (ABCDEFGHIJKLMNOPQR 31
[fs_gsys] : 9A 31
[fs_gsys] : 'ABCDEFGHIJKLMNOPQR 30
[fs_gsys] : 8A 30
[fs_gsys] : &ABCDEFGHIJKLMNOPQR 29
[fs_gsys] : 7A 29
[fs_gsys] : 6A 28
[fs_gsys] : 5A 27
[fs_gsys] : 4A 26
[fs_gsys] : 3A 25
[fs_gsys] : 2A 24
[fs_gsys] : b.txt 12
